Using pre-set license
Built from '2020.3/staging' branch; Version is '2020.3.14f1 (d0d1bb862f9d) revision 13685179'; Using compiler version '192528614'; Build Type 'Release'
OS: 'Windows 10 Home; OS build 19042.1110; Version 2009; 64bit' Language: 'en' Physical Memory: 16095 MB
BatchMode: 1, IsHumanControllingUs: 0, StartBugReporterOnCrash: 0, Is64bit: 1, IsPro: 0

 COMMAND LINE ARGUMENTS:
C:\Program Files\Unity\Hub\Editor\2020.3.14f1\Editor\Unity.exe
-adb2
-batchMode
-noUpm
-name
AssetImportWorker0
-projectPath
C:/Users/mikew/GitRepos/UnityProjects/LearningShaders
-logFile
Logs/AssetImportWorker0.log
-srvPort
53041
Successfully changed project path to: C:/Users/mikew/GitRepos/UnityProjects/LearningShaders
C:/Users/mikew/GitRepos/UnityProjects/LearningShaders
Using Asset Import Pipeline V2.
Refreshing native plugins compatible for Editor in 45.16 ms, found 2 plugins.
Preloading 0 native plugins for Editor in 0.00 ms.
Initialize engine version: 2020.3.14f1 (d0d1bb862f9d)
[Subsystems] Discovering subsystems at path C:/Program Files/Unity/Hub/Editor/2020.3.14f1/Editor/Data/Resources/UnitySubsystems
[Subsystems] Discovering subsystems at path C:/Users/mikew/GitRepos/UnityProjects/LearningShaders/Assets
GfxDevice: creating device client; threaded=0
Direct3D:
    Version:  Direct3D 11.0 [level 11.1]
    Renderer: NVIDIA GeForce GTX 1650 Ti (ID=0x1f95)
    Vendor:   
    VRAM:     3964 MB
    Driver:   27.21.14.6231
Initialize mono
Mono path[0] = 'C:/Program Files/Unity/Hub/Editor/2020.3.14f1/Editor/Data/Managed'
Mono path[1] = 'C:/Program Files/Unity/Hub/Editor/2020.3.14f1/Editor/Data/MonoBleedingEdge/lib/mono/unityjit'
Mono config path = 'C:/Program Files/Unity/Hub/Editor/2020.3.14f1/Editor/Data/MonoBleedingEdge/etc'
Using monoOptions --debugger-agent=transport=dt_socket,embedding=1,server=y,suspend=n,address=127.0.0.1:56580
Begin MonoManager ReloadAssembly
Registering precompiled unity dll's ...
Register platform support module: C:/Program Files/Unity/Hub/Editor/2020.3.14f1/Editor/Data/PlaybackEngines/WindowsStandaloneSupport/UnityEditor.WindowsStandalone.Extensions.dll
Registered in 0.003226 seconds.
Native extension for WindowsStandalone target not found
Refreshing native plugins compatible for Editor in 42.37 ms, found 2 plugins.
Preloading 0 native plugins for Editor in 0.00 ms.
Mono: successfully reloaded assembly
- Completed reload, in  2.872 seconds
Domain Reload Profiling:
	ReloadAssembly (2872ms)
		BeginReloadAssembly (81ms)
			ExecutionOrderSort (0ms)
			DisableScriptedObjects (0ms)
			BackupInstance (0ms)
			ReleaseScriptingObjects (0ms)
			CreateAndSetChildDomain (1ms)
		EndReloadAssembly (580ms)
			LoadAssemblies (77ms)
			RebuildTransferFunctionScriptingTraits (0ms)
			SetupTypeCache (219ms)
			ReleaseScriptCaches (0ms)
			RebuildScriptCaches (46ms)
			SetupLoadedEditorAssemblies (222ms)
				LogAssemblyErrors (0ms)
				InitializePlatformSupportModulesInManaged (6ms)
				SetLoadedEditorAssemblies (0ms)
				RefreshPlugins (42ms)
				BeforeProcessingInitializeOnLoad (14ms)
				ProcessInitializeOnLoadAttributes (119ms)
				ProcessInitializeOnLoadMethodAttributes (39ms)
				AfterProcessingInitializeOnLoad (0ms)
				EditorAssembliesLoaded (0ms)
			ExecutionOrderSort2 (0ms)
			AwakeInstancesAfterBackupRestoration (0ms)
Platform modules already initialized, skipping
Registering precompiled user dll's ...
Registered in 0.006181 seconds.
Begin MonoManager ReloadAssembly
Native extension for WindowsStandalone target not found
Refreshing native plugins compatible for Editor in 0.40 ms, found 2 plugins.
Preloading 0 native plugins for Editor in 0.00 ms.
Mono: successfully reloaded assembly
- Completed reload, in  1.456 seconds
Domain Reload Profiling:
	ReloadAssembly (1457ms)
		BeginReloadAssembly (210ms)
			ExecutionOrderSort (0ms)
			DisableScriptedObjects (7ms)
			BackupInstance (0ms)
			ReleaseScriptingObjects (0ms)
			CreateAndSetChildDomain (22ms)
		EndReloadAssembly (1154ms)
			LoadAssemblies (124ms)
			RebuildTransferFunctionScriptingTraits (0ms)
			SetupTypeCache (387ms)
			ReleaseScriptCaches (0ms)
			RebuildScriptCaches (61ms)
			SetupLoadedEditorAssemblies (444ms)
				LogAssemblyErrors (0ms)
				InitializePlatformSupportModulesInManaged (7ms)
				SetLoadedEditorAssemblies (1ms)
				RefreshPlugins (0ms)
				BeforeProcessingInitializeOnLoad (138ms)
				ProcessInitializeOnLoadAttributes (279ms)
				ProcessInitializeOnLoadMethodAttributes (7ms)
				AfterProcessingInitializeOnLoad (12ms)
				EditorAssembliesLoaded (0ms)
			ExecutionOrderSort2 (0ms)
			AwakeInstancesAfterBackupRestoration (9ms)
Platform modules already initialized, skipping
========================================================================
Worker process is ready to serve import requests
Launched and connected shader compiler UnityShaderCompiler.exe after 0.05 seconds
Refreshing native plugins compatible for Editor in 0.67 ms, found 2 plugins.
Preloading 0 native plugins for Editor in 0.00 ms.
Unloading 1511 Unused Serialized files (Serialized files now loaded: 0)
System memory in use before: 74.0 MB.
System memory in use after: 74.0 MB.

Unloading 19 unused Assets to reduce memory usage. Loaded Objects now: 1945.
Total: 2.936600 ms (FindLiveObjects: 0.189400 ms CreateObjectMapping: 0.070300 ms MarkObjects: 2.567500 ms  DeleteObjects: 0.107900 ms)

AssetImportParameters requested are different than current active one (requested -> active):
  custom:framework-win-MediaFoundation: 216162199b28c13a410421893ffa2e32 -> 
  custom:video-decoder-ogg-theora: a1e56fd34408186e4bbccfd4996cb3dc -> 
  custom:container-muxer-webm: aa71ff27fc2769a1b78a27578f13a17b -> 
  custom:container-demuxer-webm: 4f35f7cbe854078d1ac9338744f61a02 -> 
  custom:container-demuxer-ogg: 62fdf1f143b41e24485cea50d1cbac27 -> 
  custom:video-encoder-webm-vp8: eb34c28f22e8b96e1ab97ce403110664 -> 
  custom:video-codec-MediaFoundation-h265: 746d11721c4dcdbdad8f713fa42b33f4 -> 
  custom:video-decoder-webm-vp8: 9c59270c3fd7afecdb556c50c9e8de78 -> 
  custom:audio-decoder-ogg-vorbis: bf7c407c2cedff20999df2af8eb42d56 -> 
  custom:audio-encoder-webm-vorbis: bf7c407c2cedff20999df2af8eb42d56 -> 
========================================================================
Received Import Request.
  path: ProjectSettings/TagManager.asset
  artifactKey: Guid(00000000000000003000000000000000) Importer(815301076,1909f56bfc062723c751e8b465ee728b)
Start importing ProjectSettings/TagManager.asset using Guid(00000000000000003000000000000000) Importer(815301076,1909f56bfc062723c751e8b465ee728b)  -> (artifact id: 'ce6a35c3cddc746e7501c0bd0ed6d4ce') in 0.035108 seconds 
  Import took 0.038361 seconds .

========================================================================
Received Import Request.
  Time since last request: 139.839841 seconds.
  path: Assets/Shader/New Post-processing Profile.asset
  artifactKey: Guid(d43ce05db01b80e43a5090eac7da2681) Importer(815301076,1909f56bfc062723c751e8b465ee728b)
Start importing Assets/Shader/New Post-processing Profile.asset using Guid(d43ce05db01b80e43a5090eac7da2681) Importer(815301076,1909f56bfc062723c751e8b465ee728b)  -> (artifact id: '62be5438d10e618ae480f350d60b5b54') in 0.032337 seconds 
  Import took 0.035705 seconds .

========================================================================
Received Import Request.
  Time since last request: 0.007875 seconds.
  path: Assets/Shader/New Post-processing Profile.asset
  artifactKey: Guid(d43ce05db01b80e43a5090eac7da2681) Importer(815301076,1909f56bfc062723c751e8b465ee728b)
Start importing Assets/Shader/New Post-processing Profile.asset using Guid(d43ce05db01b80e43a5090eac7da2681) Importer(815301076,1909f56bfc062723c751e8b465ee728b)  -> (artifact id: '62be5438d10e618ae480f350d60b5b54') in 0.004641 seconds 
  Import took 0.007727 seconds .

========================================================================
Received Prepare
Registering precompiled user dll's ...
Registered in 0.008103 seconds.
Begin MonoManager ReloadAssembly
Native extension for WindowsStandalone target not found
Refreshing native plugins compatible for Editor in 111.41 ms, found 2 plugins.
Preloading 0 native plugins for Editor in 0.00 ms.
Mono: successfully reloaded assembly
- Completed reload, in  3.363 seconds
Domain Reload Profiling:
	ReloadAssembly (3364ms)
		BeginReloadAssembly (368ms)
			ExecutionOrderSort (0ms)
			DisableScriptedObjects (11ms)
			BackupInstance (0ms)
			ReleaseScriptingObjects (1ms)
			CreateAndSetChildDomain (109ms)
		EndReloadAssembly (2746ms)
			LoadAssemblies (575ms)
			RebuildTransferFunctionScriptingTraits (0ms)
			SetupTypeCache (1164ms)
			ReleaseScriptCaches (2ms)
			RebuildScriptCaches (139ms)
			SetupLoadedEditorAssemblies (523ms)
				LogAssemblyErrors (0ms)
				InitializePlatformSupportModulesInManaged (10ms)
				SetLoadedEditorAssemblies (4ms)
				RefreshPlugins (112ms)
				BeforeProcessingInitializeOnLoad (116ms)
				ProcessInitializeOnLoadAttributes (263ms)
				ProcessInitializeOnLoadMethodAttributes (6ms)
				AfterProcessingInitializeOnLoad (12ms)
				EditorAssembliesLoaded (0ms)
			ExecutionOrderSort2 (0ms)
			AwakeInstancesAfterBackupRestoration (9ms)
Platform modules already initialized, skipping
Shader 'Universal Render Pipeline/Nature/SpeedTree7': dependency 'BillboardShader' shader 'Universal Render Pipeline/Nature/SpeedTree7 Billboard' not found
Shader 'Universal Render Pipeline/Baked Lit': fallback shader 'Universal Render Pipeline/Unlit' not found
Shader 'Universal Render Pipeline/Simple Lit': fallback shader 'Hidden/Universal Render Pipeline/FallbackError' not found
Shader 'Universal Render Pipeline/Terrain/Lit': fallback shader 'Hidden/Universal Render Pipeline/FallbackError' not found
Shader 'Universal Render Pipeline/Terrain/Lit': dependency 'AddPassShader' shader 'Hidden/Universal Render Pipeline/Terrain/Lit (Add Pass)' not found
Shader 'Universal Render Pipeline/Terrain/Lit': dependency 'BaseMapShader' shader 'Hidden/Universal Render Pipeline/Terrain/Lit (Base Pass)' not found
Shader 'Universal Render Pipeline/Terrain/Lit': dependency 'BaseMapGenShader' shader 'Hidden/Universal Render Pipeline/Terrain/Lit (Basemap Gen)' not found
Shader 'Hidden/Universal Render Pipeline/Terrain/Lit (Base Pass)': fallback shader 'Hidden/Universal Render Pipeline/FallbackError' not found
Shader 'Hidden/Universal Render Pipeline/Terrain/Lit (Add Pass)': fallback shader 'Hidden/Universal Render Pipeline/FallbackError' not found
Shader 'Universal Render Pipeline/Particles/Lit': fallback shader 'Universal Render Pipeline/Particles/SimpleLit' not found
Shader 'Universal Render Pipeline/Particles/Lit': fallback shader 'Universal Render Pipeline/Particles/SimpleLit' not found
Refreshing native plugins compatible for Editor in 0.71 ms, found 2 plugins.
Preloading 0 native plugins for Editor in 0.00 ms.
Unloading 2733 Unused Serialized files (Serialized files now loaded: 0)
System memory in use before: 122.4 MB.
System memory in use after: 118.2 MB.

Unloading 72 unused Assets to reduce memory usage. Loaded Objects now: 3146.
Total: 5.517600 ms (FindLiveObjects: 0.303000 ms CreateObjectMapping: 0.177100 ms MarkObjects: 2.526800 ms  DeleteObjects: 2.509700 ms)

AssetImportParameters requested are different than current active one (requested -> active):
  custom:framework-win-MediaFoundation: 216162199b28c13a410421893ffa2e32 -> 
  custom:video-decoder-ogg-theora: a1e56fd34408186e4bbccfd4996cb3dc -> 
  custom:container-muxer-webm: aa71ff27fc2769a1b78a27578f13a17b -> 
  custom:container-demuxer-webm: 4f35f7cbe854078d1ac9338744f61a02 -> 
  custom:container-demuxer-ogg: 62fdf1f143b41e24485cea50d1cbac27 -> 
  custom:video-encoder-webm-vp8: eb34c28f22e8b96e1ab97ce403110664 -> 
  custom:video-codec-MediaFoundation-h265: 746d11721c4dcdbdad8f713fa42b33f4 -> 
  custom:video-decoder-webm-vp8: 9c59270c3fd7afecdb556c50c9e8de78 -> 
  custom:audio-decoder-ogg-vorbis: bf7c407c2cedff20999df2af8eb42d56 -> 
  custom:audio-encoder-webm-vorbis: bf7c407c2cedff20999df2af8eb42d56 -> 
========================================================================
Received Import Request.
  Time since last request: 761.459306 seconds.
  path: Assets/PostProcessing
  artifactKey: Guid(89a5d9ae3b6382a4a94e10b97ac80341) Importer(815301076,1909f56bfc062723c751e8b465ee728b)
Start importing Assets/PostProcessing using Guid(89a5d9ae3b6382a4a94e10b97ac80341) Importer(815301076,1909f56bfc062723c751e8b465ee728b)  -> (artifact id: '160bfd5b9581b5af00285129b40ea611') in 0.008535 seconds 
  Import took 0.013990 seconds .

========================================================================
Received Prepare
Switching render pipeline 00000000000000000000000000000000 -> 2bf97a5a7164daa44a79819ffcde57ab
Shader 'Universal Render Pipeline/Particles/Lit': fallback shader 'Universal Render Pipeline/Particles/SimpleLit' not found
Shader 'Universal Render Pipeline/Particles/Lit': fallback shader 'Universal Render Pipeline/Particles/SimpleLit' not found
Refreshing native plugins compatible for Editor in 5.78 ms, found 2 plugins.
Preloading 0 native plugins for Editor in 0.00 ms.
Unloading 117 Unused Serialized files (Serialized files now loaded: 0)
System memory in use before: 74.5 MB.
System memory in use after: 71.5 MB.

Unloading 49 unused Assets to reduce memory usage. Loaded Objects now: 3214.
Total: 6.396600 ms (FindLiveObjects: 0.334400 ms CreateObjectMapping: 0.176100 ms MarkObjects: 3.358800 ms  DeleteObjects: 2.526000 ms)

AssetImportParameters requested are different than current active one (requested -> active):
  custom:framework-win-MediaFoundation: 216162199b28c13a410421893ffa2e32 -> 
  custom:video-decoder-ogg-theora: a1e56fd34408186e4bbccfd4996cb3dc -> 
  custom:container-muxer-webm: aa71ff27fc2769a1b78a27578f13a17b -> 
  custom:container-demuxer-webm: 4f35f7cbe854078d1ac9338744f61a02 -> 
  custom:container-demuxer-ogg: 62fdf1f143b41e24485cea50d1cbac27 -> 
  custom:video-encoder-webm-vp8: eb34c28f22e8b96e1ab97ce403110664 -> 
  custom:video-codec-MediaFoundation-h265: 746d11721c4dcdbdad8f713fa42b33f4 -> 
  custom:video-decoder-webm-vp8: 9c59270c3fd7afecdb556c50c9e8de78 -> 
  custom:audio-decoder-ogg-vorbis: bf7c407c2cedff20999df2af8eb42d56 -> 
  custom:audio-encoder-webm-vorbis: bf7c407c2cedff20999df2af8eb42d56 -> 
========================================================================
Received Import Request.
  Time since last request: 97.779603 seconds.
  path: Assets/PostProcessing/UniversalRenderPipelineAsset_Renderer.asset
  artifactKey: Guid(7093ffd42b8370940adbcba72bc1fa7a) Importer(815301076,1909f56bfc062723c751e8b465ee728b)
Start importing Assets/PostProcessing/UniversalRenderPipelineAsset_Renderer.asset using Guid(7093ffd42b8370940adbcba72bc1fa7a) Importer(815301076,1909f56bfc062723c751e8b465ee728b)  -> (artifact id: 'b7cd210148320291e19263fe934a12d6') in 0.058351 seconds 
  Import took 0.070886 seconds .

========================================================================
Received Import Request.
  Time since last request: 0.012995 seconds.
  path: Assets/PostProcessing/UniversalRenderPipelineAsset_Renderer.asset
  artifactKey: Guid(7093ffd42b8370940adbcba72bc1fa7a) Importer(815301076,1909f56bfc062723c751e8b465ee728b)
Start importing Assets/PostProcessing/UniversalRenderPipelineAsset_Renderer.asset using Guid(7093ffd42b8370940adbcba72bc1fa7a) Importer(815301076,1909f56bfc062723c751e8b465ee728b)  -> (artifact id: 'b7cd210148320291e19263fe934a12d6') in 0.010743 seconds 
  Import took 0.020729 seconds .

========================================================================
Received Import Request.
  Time since last request: 1.039883 seconds.
  path: Assets/PostProcessing/UniversalRenderPipelineAsset.asset
  artifactKey: Guid(2bf97a5a7164daa44a79819ffcde57ab) Importer(815301076,1909f56bfc062723c751e8b465ee728b)
Start importing Assets/PostProcessing/UniversalRenderPipelineAsset.asset using Guid(2bf97a5a7164daa44a79819ffcde57ab) Importer(815301076,1909f56bfc062723c751e8b465ee728b)  -> (artifact id: 'c3898bac678d4dd68cb1f33784434966') in 0.017491 seconds 
  Import took 0.030767 seconds .

========================================================================
Received Import Request.
  Time since last request: 0.002959 seconds.
  path: Assets/PostProcessing/UniversalRenderPipelineAsset.asset
  artifactKey: Guid(2bf97a5a7164daa44a79819ffcde57ab) Importer(815301076,1909f56bfc062723c751e8b465ee728b)
Start importing Assets/PostProcessing/UniversalRenderPipelineAsset.asset using Guid(2bf97a5a7164daa44a79819ffcde57ab) Importer(815301076,1909f56bfc062723c751e8b465ee728b)  -> (artifact id: 'c3898bac678d4dd68cb1f33784434966') in 0.008708 seconds 
  Import took 0.016559 seconds .

========================================================================
Received Import Request.
  Time since last request: 77.698301 seconds.
  path: Assets/Scenes
  artifactKey: Guid(2e819f7a42033bf498d53ba4cdf68a76) Importer(815301076,1909f56bfc062723c751e8b465ee728b)
Start importing Assets/Scenes using Guid(2e819f7a42033bf498d53ba4cdf68a76) Importer(815301076,1909f56bfc062723c751e8b465ee728b)  -> (artifact id: '3c6c3adca4dd40d79f1e111b98cba4a7') in 0.004529 seconds 
  Import took 0.010751 seconds .

========================================================================
Received Import Request.
  Time since last request: 24.708832 seconds.
  path: Assets/Texture/185-compr-256x195.jpg
  artifactKey: Guid(b87db323cfbe6254780768ca5a0b6685) Importer(815301076,1909f56bfc062723c751e8b465ee728b)
Start importing Assets/Texture/185-compr-256x195.jpg using Guid(b87db323cfbe6254780768ca5a0b6685) Importer(815301076,1909f56bfc062723c751e8b465ee728b)  -> (artifact id: '06dc2b9012020849736b31e6ff1823e3') in 0.084722 seconds 
  Import took 0.095132 seconds .

========================================================================
Received Import Request.
  Time since last request: 0.000491 seconds.
  path: Assets/Texture/185-compr-256x195 1.jpg
  artifactKey: Guid(b94dc273b3a5aed48a7877665769c769) Importer(815301076,1909f56bfc062723c751e8b465ee728b)
Start importing Assets/Texture/185-compr-256x195 1.jpg using Guid(b94dc273b3a5aed48a7877665769c769) Importer(815301076,1909f56bfc062723c751e8b465ee728b)  -> (artifact id: '9f18cf1b6d519b9ee0b78b27185b4660') in 0.012435 seconds 
  Import took 0.017865 seconds .

========================================================================
Received Import Request.
  Time since last request: 0.000529 seconds.
  path: Assets/Texture/185-compr-256x195.jpg
  artifactKey: Guid(b87db323cfbe6254780768ca5a0b6685) Importer(815301076,1909f56bfc062723c751e8b465ee728b)
Start importing Assets/Texture/185-compr-256x195.jpg using Guid(b87db323cfbe6254780768ca5a0b6685) Importer(815301076,1909f56bfc062723c751e8b465ee728b)  -> (artifact id: '06dc2b9012020849736b31e6ff1823e3') in 0.011691 seconds 
  Import took 0.016982 seconds .

========================================================================
Received Import Request.
  Time since last request: 0.037895 seconds.
  path: Assets/Texture/185-compr-256x195 1.jpg
  artifactKey: Guid(b94dc273b3a5aed48a7877665769c769) Importer(815301076,1909f56bfc062723c751e8b465ee728b)
Start importing Assets/Texture/185-compr-256x195 1.jpg using Guid(b94dc273b3a5aed48a7877665769c769) Importer(815301076,1909f56bfc062723c751e8b465ee728b)  -> (artifact id: '9f18cf1b6d519b9ee0b78b27185b4660') in 0.011946 seconds 
  Import took 0.017608 seconds .

========================================================================
Received Import Request.
  Time since last request: 77.821690 seconds.
  path: Assets/Shader/SphericalMask.shader
  artifactKey: Guid(726ed6ffa8a9bc14b904d1cb5c041b00) Importer(815301076,1909f56bfc062723c751e8b465ee728b)
Start importing Assets/Shader/SphericalMask.shader using Guid(726ed6ffa8a9bc14b904d1cb5c041b00) Importer(815301076,1909f56bfc062723c751e8b465ee728b)  -> (artifact id: 'e1e6e0f07e653a92f50b7219ca1532eb') in 0.015823 seconds 
  Import took 0.029534 seconds .

========================================================================
Received Import Request.
  Time since last request: 0.416088 seconds.
  path: Assets/Shader/SphericalMask.shader
  artifactKey: Guid(726ed6ffa8a9bc14b904d1cb5c041b00) Importer(815301076,1909f56bfc062723c751e8b465ee728b)
Start importing Assets/Shader/SphericalMask.shader using Guid(726ed6ffa8a9bc14b904d1cb5c041b00) Importer(815301076,1909f56bfc062723c751e8b465ee728b)  -> (artifact id: 'e1e6e0f07e653a92f50b7219ca1532eb') in 0.004078 seconds 
  Import took 0.009650 seconds .

========================================================================
Received Prepare
Shader 'Universal Render Pipeline/Particles/Lit': fallback shader 'Universal Render Pipeline/Particles/SimpleLit' not found
Shader 'Universal Render Pipeline/Particles/Lit': fallback shader 'Universal Render Pipeline/Particles/SimpleLit' not found
Refreshing native plugins compatible for Editor in 5.69 ms, found 2 plugins.
Preloading 0 native plugins for Editor in 0.00 ms.
Unloading 48 Unused Serialized files (Serialized files now loaded: 0)
System memory in use before: 71.1 MB.
System memory in use after: 68.3 MB.

Unloading 48 unused Assets to reduce memory usage. Loaded Objects now: 3217.
Total: 5.862800 ms (FindLiveObjects: 0.331300 ms CreateObjectMapping: 0.178000 ms MarkObjects: 3.371900 ms  DeleteObjects: 1.980600 ms)

AssetImportParameters requested are different than current active one (requested -> active):
  custom:framework-win-MediaFoundation: 216162199b28c13a410421893ffa2e32 -> 
  custom:video-decoder-ogg-theora: a1e56fd34408186e4bbccfd4996cb3dc -> 
  custom:container-muxer-webm: aa71ff27fc2769a1b78a27578f13a17b -> 
  custom:container-demuxer-webm: 4f35f7cbe854078d1ac9338744f61a02 -> 
  custom:container-demuxer-ogg: 62fdf1f143b41e24485cea50d1cbac27 -> 
  custom:video-encoder-webm-vp8: eb34c28f22e8b96e1ab97ce403110664 -> 
  custom:video-codec-MediaFoundation-h265: 746d11721c4dcdbdad8f713fa42b33f4 -> 
  custom:video-decoder-webm-vp8: 9c59270c3fd7afecdb556c50c9e8de78 -> 
  custom:audio-decoder-ogg-vorbis: bf7c407c2cedff20999df2af8eb42d56 -> 
  custom:audio-encoder-webm-vorbis: bf7c407c2cedff20999df2af8eb42d56 -> 
========================================================================
Received Import Request.
  Time since last request: 97.499607 seconds.
  path: Assets/PostProcessing/UniversalRenderPipelineAsset_Renderer.asset
  artifactKey: Guid(7093ffd42b8370940adbcba72bc1fa7a) Importer(815301076,1909f56bfc062723c751e8b465ee728b)
Start importing Assets/PostProcessing/UniversalRenderPipelineAsset_Renderer.asset using Guid(7093ffd42b8370940adbcba72bc1fa7a) Importer(815301076,1909f56bfc062723c751e8b465ee728b)  -> (artifact id: '07e8f6079742e8314a6ee6abda34b449') in 0.018663 seconds 
  Import took 0.033220 seconds .

========================================================================
Received Import Request.
  Time since last request: 0.017062 seconds.
  path: Assets/PostProcessing/UniversalRenderPipelineAsset_Renderer.asset
  artifactKey: Guid(7093ffd42b8370940adbcba72bc1fa7a) Importer(815301076,1909f56bfc062723c751e8b465ee728b)
Start importing Assets/PostProcessing/UniversalRenderPipelineAsset_Renderer.asset using Guid(7093ffd42b8370940adbcba72bc1fa7a) Importer(815301076,1909f56bfc062723c751e8b465ee728b)  -> (artifact id: '07e8f6079742e8314a6ee6abda34b449') in 0.015986 seconds 
  Import took 0.030027 seconds .

========================================================================
Received Import Request.
  Time since last request: 168.893426 seconds.
  path: Assets/Shader/SphericalMask.shader
  artifactKey: Guid(726ed6ffa8a9bc14b904d1cb5c041b00) Importer(815301076,1909f56bfc062723c751e8b465ee728b)
Start importing Assets/Shader/SphericalMask.shader using Guid(726ed6ffa8a9bc14b904d1cb5c041b00) Importer(815301076,1909f56bfc062723c751e8b465ee728b)  -> (artifact id: '69068a83eabb700c6e03fe4c34277cb5') in 0.003916 seconds 
  Import took 0.009558 seconds .

========================================================================
Received Import Request.
  Time since last request: 516.992013 seconds.
  path: Assets/Texture/wood.jpg
  artifactKey: Guid(b913e368b16b28043876e4f9c61f1fec) Importer(815301076,1909f56bfc062723c751e8b465ee728b)
Start importing Assets/Texture/wood.jpg using Guid(b913e368b16b28043876e4f9c61f1fec) Importer(815301076,1909f56bfc062723c751e8b465ee728b)  -> (artifact id: '929c190cf98347277a91d169308d5897') in 0.021235 seconds 
  Import took 0.029247 seconds .

========================================================================
Received Import Request.
  Time since last request: 0.006544 seconds.
  path: Assets/Texture/wood.jpg
  artifactKey: Guid(b913e368b16b28043876e4f9c61f1fec) Importer(815301076,1909f56bfc062723c751e8b465ee728b)
Start importing Assets/Texture/wood.jpg using Guid(b913e368b16b28043876e4f9c61f1fec) Importer(815301076,1909f56bfc062723c751e8b465ee728b)  -> (artifact id: '929c190cf98347277a91d169308d5897') in 0.012245 seconds 
  Import took 0.017866 seconds .

========================================================================
Received Import Request.
  Time since last request: 938.847571 seconds.
  path: Assets/Texture/wood 1.jpg
  artifactKey: Guid(d4bbb5aa0bc024b45a879629c94faf25) Importer(815301076,1909f56bfc062723c751e8b465ee728b)
Start importing Assets/Texture/wood 1.jpg using Guid(d4bbb5aa0bc024b45a879629c94faf25) Importer(815301076,1909f56bfc062723c751e8b465ee728b)  -> (artifact id: '6e990777bc7e603affbcdd8a73e0e77d') in 0.066508 seconds 
  Import took 0.074821 seconds .

========================================================================
Received Import Request.
  Time since last request: 333.461583 seconds.
  path: Assets/Scripts
  artifactKey: Guid(7264cfd2025eb40478d67833a6b07b47) Importer(815301076,1909f56bfc062723c751e8b465ee728b)
Start importing Assets/Scripts using Guid(7264cfd2025eb40478d67833a6b07b47) Importer(815301076,1909f56bfc062723c751e8b465ee728b)  -> (artifact id: '4cd277affa95badc2b0a708c28c49ace') in 0.005232 seconds 
  Import took 0.011477 seconds .

========================================================================
Received Import Request.
  Time since last request: 6.655350 seconds.
  path: Assets/Scripts/Script.cs
  artifactKey: Guid(8d828153c1d6a474a947ae34af09d6e3) Importer(815301076,1909f56bfc062723c751e8b465ee728b)
Start importing Assets/Scripts/Script.cs using Guid(8d828153c1d6a474a947ae34af09d6e3) Importer(815301076,1909f56bfc062723c751e8b465ee728b)  -> (artifact id: 'a3d6327d8b04c12b9340ac17e8f0a77b') in 0.012824 seconds 
  Import took 0.019216 seconds .

========================================================================
Received Prepare
Registering precompiled user dll's ...
Registered in 0.006978 seconds.
Begin MonoManager ReloadAssembly
Native extension for WindowsStandalone target not found
Refreshing native plugins compatible for Editor in 0.64 ms, found 2 plugins.
Preloading 0 native plugins for Editor in 0.00 ms.
Mono: successfully reloaded assembly
- Completed reload, in  1.500 seconds
Domain Reload Profiling:
	ReloadAssembly (1500ms)
		BeginReloadAssembly (171ms)
			ExecutionOrderSort (0ms)
			DisableScriptedObjects (6ms)
			BackupInstance (0ms)
			ReleaseScriptingObjects (0ms)
			CreateAndSetChildDomain (52ms)
		EndReloadAssembly (1230ms)
			LoadAssemblies (134ms)
			RebuildTransferFunctionScriptingTraits (0ms)
			SetupTypeCache (437ms)
			ReleaseScriptCaches (1ms)
			RebuildScriptCaches (58ms)
			SetupLoadedEditorAssemblies (437ms)
				LogAssemblyErrors (0ms)
				InitializePlatformSupportModulesInManaged (6ms)
				SetLoadedEditorAssemblies (1ms)
				RefreshPlugins (1ms)
				BeforeProcessingInitializeOnLoad (148ms)
				ProcessInitializeOnLoadAttributes (264ms)
				ProcessInitializeOnLoadMethodAttributes (6ms)
				AfterProcessingInitializeOnLoad (12ms)
				EditorAssembliesLoaded (0ms)
			ExecutionOrderSort2 (0ms)
			AwakeInstancesAfterBackupRestoration (14ms)
Platform modules already initialized, skipping
Shader 'Universal Render Pipeline/Particles/Lit': fallback shader 'Universal Render Pipeline/Particles/SimpleLit' not found
Shader 'Universal Render Pipeline/Particles/Lit': fallback shader 'Universal Render Pipeline/Particles/SimpleLit' not found
Refreshing native plugins compatible for Editor in 0.63 ms, found 2 plugins.
Preloading 0 native plugins for Editor in 0.00 ms.
Unloading 2713 Unused Serialized files (Serialized files now loaded: 0)
System memory in use before: 123.7 MB.
System memory in use after: 120.9 MB.

Unloading 50 unused Assets to reduce memory usage. Loaded Objects now: 3222.
Total: 4.959700 ms (FindLiveObjects: 0.294900 ms CreateObjectMapping: 0.173900 ms MarkObjects: 2.584600 ms  DeleteObjects: 1.905200 ms)

AssetImportParameters requested are different than current active one (requested -> active):
  custom:framework-win-MediaFoundation: 216162199b28c13a410421893ffa2e32 -> 
  custom:video-decoder-ogg-theora: a1e56fd34408186e4bbccfd4996cb3dc -> 
  custom:container-muxer-webm: aa71ff27fc2769a1b78a27578f13a17b -> 
  custom:container-demuxer-webm: 4f35f7cbe854078d1ac9338744f61a02 -> 
  custom:container-demuxer-ogg: 62fdf1f143b41e24485cea50d1cbac27 -> 
  custom:video-encoder-webm-vp8: eb34c28f22e8b96e1ab97ce403110664 -> 
  custom:video-codec-MediaFoundation-h265: 746d11721c4dcdbdad8f713fa42b33f4 -> 
  custom:video-decoder-webm-vp8: 9c59270c3fd7afecdb556c50c9e8de78 -> 
  custom:audio-decoder-ogg-vorbis: bf7c407c2cedff20999df2af8eb42d56 -> 
  custom:audio-encoder-webm-vorbis: bf7c407c2cedff20999df2af8eb42d56 -> 
========================================================================
Received Prepare
Registering precompiled user dll's ...
Registered in 0.006675 seconds.
Begin MonoManager ReloadAssembly
Native extension for WindowsStandalone target not found
Refreshing native plugins compatible for Editor in 0.65 ms, found 2 plugins.
Preloading 0 native plugins for Editor in 0.00 ms.
Mono: successfully reloaded assembly
- Completed reload, in  1.505 seconds
Domain Reload Profiling:
	ReloadAssembly (1506ms)
		BeginReloadAssembly (196ms)
			ExecutionOrderSort (0ms)
			DisableScriptedObjects (6ms)
			BackupInstance (0ms)
			ReleaseScriptingObjects (0ms)
			CreateAndSetChildDomain (79ms)
		EndReloadAssembly (1217ms)
			LoadAssemblies (127ms)
			RebuildTransferFunctionScriptingTraits (0ms)
			SetupTypeCache (428ms)
			ReleaseScriptCaches (1ms)
			RebuildScriptCaches (59ms)
			SetupLoadedEditorAssemblies (436ms)
				LogAssemblyErrors (0ms)
				InitializePlatformSupportModulesInManaged (6ms)
				SetLoadedEditorAssemblies (1ms)
				RefreshPlugins (1ms)
				BeforeProcessingInitializeOnLoad (146ms)
				ProcessInitializeOnLoadAttributes (265ms)
				ProcessInitializeOnLoadMethodAttributes (6ms)
				AfterProcessingInitializeOnLoad (12ms)
				EditorAssembliesLoaded (0ms)
			ExecutionOrderSort2 (0ms)
			AwakeInstancesAfterBackupRestoration (14ms)
Platform modules already initialized, skipping
Shader 'Universal Render Pipeline/Particles/Lit': fallback shader 'Universal Render Pipeline/Particles/SimpleLit' not found
Shader 'Universal Render Pipeline/Particles/Lit': fallback shader 'Universal Render Pipeline/Particles/SimpleLit' not found
Refreshing native plugins compatible for Editor in 0.64 ms, found 2 plugins.
Preloading 0 native plugins for Editor in 0.00 ms.
Unloading 2712 Unused Serialized files (Serialized files now loaded: 0)
System memory in use before: 123.7 MB.
System memory in use after: 120.9 MB.

Unloading 51 unused Assets to reduce memory usage. Loaded Objects now: 3224.
Total: 5.184700 ms (FindLiveObjects: 0.319700 ms CreateObjectMapping: 0.169600 ms MarkObjects: 2.683500 ms  DeleteObjects: 2.010600 ms)

AssetImportParameters requested are different than current active one (requested -> active):
  custom:framework-win-MediaFoundation: 216162199b28c13a410421893ffa2e32 -> 
  custom:video-decoder-ogg-theora: a1e56fd34408186e4bbccfd4996cb3dc -> 
  custom:container-muxer-webm: aa71ff27fc2769a1b78a27578f13a17b -> 
  custom:container-demuxer-webm: 4f35f7cbe854078d1ac9338744f61a02 -> 
  custom:container-demuxer-ogg: 62fdf1f143b41e24485cea50d1cbac27 -> 
  custom:video-encoder-webm-vp8: eb34c28f22e8b96e1ab97ce403110664 -> 
  custom:video-codec-MediaFoundation-h265: 746d11721c4dcdbdad8f713fa42b33f4 -> 
  custom:video-decoder-webm-vp8: 9c59270c3fd7afecdb556c50c9e8de78 -> 
  custom:audio-decoder-ogg-vorbis: bf7c407c2cedff20999df2af8eb42d56 -> 
  custom:audio-encoder-webm-vorbis: bf7c407c2cedff20999df2af8eb42d56 -> 
========================================================================
Received Import Request.
  Time since last request: 20.409743 seconds.
  path: Assets/Scripts/MouseMovment.cs
  artifactKey: Guid(b9f205abdf24a6a41a026ee0190dd2ab) Importer(815301076,1909f56bfc062723c751e8b465ee728b)
Start importing Assets/Scripts/MouseMovment.cs using Guid(b9f205abdf24a6a41a026ee0190dd2ab) Importer(815301076,1909f56bfc062723c751e8b465ee728b)  -> (artifact id: '3353d8114ce502512efc4ce806e7e4b6') in 0.008382 seconds 
  Import took 0.014251 seconds .

========================================================================
Received Prepare
Registering precompiled user dll's ...
Registered in 0.006852 seconds.
Begin MonoManager ReloadAssembly
Native extension for WindowsStandalone target not found
Refreshing native plugins compatible for Editor in 0.68 ms, found 2 plugins.
Preloading 0 native plugins for Editor in 0.00 ms.
Mono: successfully reloaded assembly
- Completed reload, in  1.577 seconds
Domain Reload Profiling:
	ReloadAssembly (1578ms)
		BeginReloadAssembly (159ms)
			ExecutionOrderSort (0ms)
			DisableScriptedObjects (6ms)
			BackupInstance (0ms)
			ReleaseScriptingObjects (0ms)
			CreateAndSetChildDomain (44ms)
		EndReloadAssembly (1320ms)
			LoadAssemblies (134ms)
			RebuildTransferFunctionScriptingTraits (0ms)
			SetupTypeCache (483ms)
			ReleaseScriptCaches (2ms)
			RebuildScriptCaches (67ms)
			SetupLoadedEditorAssemblies (448ms)
				LogAssemblyErrors (0ms)
				InitializePlatformSupportModulesInManaged (6ms)
				SetLoadedEditorAssemblies (1ms)
				RefreshPlugins (1ms)
				BeforeProcessingInitializeOnLoad (153ms)
				ProcessInitializeOnLoadAttributes (268ms)
				ProcessInitializeOnLoadMethodAttributes (7ms)
				AfterProcessingInitializeOnLoad (12ms)
				EditorAssembliesLoaded (0ms)
			ExecutionOrderSort2 (0ms)
			AwakeInstancesAfterBackupRestoration (14ms)
Platform modules already initialized, skipping
Shader 'Universal Render Pipeline/Particles/Lit': fallback shader 'Universal Render Pipeline/Particles/SimpleLit' not found
Shader 'Universal Render Pipeline/Particles/Lit': fallback shader 'Universal Render Pipeline/Particles/SimpleLit' not found
Refreshing native plugins compatible for Editor in 0.89 ms, found 2 plugins.
Preloading 0 native plugins for Editor in 0.00 ms.
Unloading 2713 Unused Serialized files (Serialized files now loaded: 0)
System memory in use before: 123.9 MB.
System memory in use after: 121.1 MB.

Unloading 50 unused Assets to reduce memory usage. Loaded Objects now: 3228.
Total: 6.959600 ms (FindLiveObjects: 0.353800 ms CreateObjectMapping: 0.194000 ms MarkObjects: 3.683500 ms  DeleteObjects: 2.726000 ms)

AssetImportParameters requested are different than current active one (requested -> active):
  custom:framework-win-MediaFoundation: 216162199b28c13a410421893ffa2e32 -> 
  custom:video-decoder-ogg-theora: a1e56fd34408186e4bbccfd4996cb3dc -> 
  custom:container-muxer-webm: aa71ff27fc2769a1b78a27578f13a17b -> 
  custom:container-demuxer-webm: 4f35f7cbe854078d1ac9338744f61a02 -> 
  custom:container-demuxer-ogg: 62fdf1f143b41e24485cea50d1cbac27 -> 
  custom:video-encoder-webm-vp8: eb34c28f22e8b96e1ab97ce403110664 -> 
  custom:video-codec-MediaFoundation-h265: 746d11721c4dcdbdad8f713fa42b33f4 -> 
  custom:video-decoder-webm-vp8: 9c59270c3fd7afecdb556c50c9e8de78 -> 
  custom:audio-decoder-ogg-vorbis: bf7c407c2cedff20999df2af8eb42d56 -> 
  custom:audio-encoder-webm-vorbis: bf7c407c2cedff20999df2af8eb42d56 -> 
========================================================================
Received Import Request.
  Time since last request: 543.891505 seconds.
  path: Assets/Scripts/MouseMovment.cs
  artifactKey: Guid(b9f205abdf24a6a41a026ee0190dd2ab) Importer(815301076,1909f56bfc062723c751e8b465ee728b)
Start importing Assets/Scripts/MouseMovment.cs using Guid(b9f205abdf24a6a41a026ee0190dd2ab) Importer(815301076,1909f56bfc062723c751e8b465ee728b)  -> (artifact id: '45b0b731a28918bd63909f68712db1ed') in 0.010845 seconds 
  Import took 0.018004 seconds .

========================================================================
Received Import Request.
  Time since last request: 101.496622 seconds.
  path: Assets/Scripts/MouseMovment.cs
  artifactKey: Guid(b9f205abdf24a6a41a026ee0190dd2ab) Importer(815301076,1909f56bfc062723c751e8b465ee728b)
Start importing Assets/Scripts/MouseMovment.cs using Guid(b9f205abdf24a6a41a026ee0190dd2ab) Importer(815301076,1909f56bfc062723c751e8b465ee728b)  -> (artifact id: '856991b2b859f1a1d74b2c5405928db3') in 0.004010 seconds 
  Import took 0.011201 seconds .

========================================================================
Received Prepare
Registering precompiled user dll's ...
Registered in 0.006723 seconds.
Begin MonoManager ReloadAssembly
Native extension for WindowsStandalone target not found
Refreshing native plugins compatible for Editor in 0.65 ms, found 2 plugins.
Preloading 0 native plugins for Editor in 0.00 ms.
Mono: successfully reloaded assembly
- Completed reload, in  1.495 seconds
Domain Reload Profiling:
	ReloadAssembly (1496ms)
		BeginReloadAssembly (165ms)
			ExecutionOrderSort (0ms)
			DisableScriptedObjects (7ms)
			BackupInstance (0ms)
			ReleaseScriptingObjects (0ms)
			CreateAndSetChildDomain (45ms)
		EndReloadAssembly (1233ms)
			LoadAssemblies (137ms)
			RebuildTransferFunctionScriptingTraits (0ms)
			SetupTypeCache (440ms)
			ReleaseScriptCaches (1ms)
			RebuildScriptCaches (58ms)
			SetupLoadedEditorAssemblies (437ms)
				LogAssemblyErrors (0ms)
				InitializePlatformSupportModulesInManaged (6ms)
				SetLoadedEditorAssemblies (1ms)
				RefreshPlugins (1ms)
				BeforeProcessingInitializeOnLoad (149ms)
				ProcessInitializeOnLoadAttributes (263ms)
				ProcessInitializeOnLoadMethodAttributes (6ms)
				AfterProcessingInitializeOnLoad (12ms)
				EditorAssembliesLoaded (0ms)
			ExecutionOrderSort2 (0ms)
			AwakeInstancesAfterBackupRestoration (13ms)
Platform modules already initialized, skipping
Shader 'Universal Render Pipeline/Particles/Lit': fallback shader 'Universal Render Pipeline/Particles/SimpleLit' not found
Shader 'Universal Render Pipeline/Particles/Lit': fallback shader 'Universal Render Pipeline/Particles/SimpleLit' not found
Refreshing native plugins compatible for Editor in 0.64 ms, found 2 plugins.
Preloading 0 native plugins for Editor in 0.00 ms.
Unloading 2713 Unused Serialized files (Serialized files now loaded: 0)
System memory in use before: 123.9 MB.
System memory in use after: 121.1 MB.

Unloading 50 unused Assets to reduce memory usage. Loaded Objects now: 3231.
Total: 5.249000 ms (FindLiveObjects: 0.327000 ms CreateObjectMapping: 0.170100 ms MarkObjects: 2.780400 ms  DeleteObjects: 1.970300 ms)

AssetImportParameters requested are different than current active one (requested -> active):
  custom:framework-win-MediaFoundation: 216162199b28c13a410421893ffa2e32 -> 
  custom:video-decoder-ogg-theora: a1e56fd34408186e4bbccfd4996cb3dc -> 
  custom:container-muxer-webm: aa71ff27fc2769a1b78a27578f13a17b -> 
  custom:container-demuxer-webm: 4f35f7cbe854078d1ac9338744f61a02 -> 
  custom:container-demuxer-ogg: 62fdf1f143b41e24485cea50d1cbac27 -> 
  custom:video-encoder-webm-vp8: eb34c28f22e8b96e1ab97ce403110664 -> 
  custom:video-codec-MediaFoundation-h265: 746d11721c4dcdbdad8f713fa42b33f4 -> 
  custom:video-decoder-webm-vp8: 9c59270c3fd7afecdb556c50c9e8de78 -> 
  custom:audio-decoder-ogg-vorbis: bf7c407c2cedff20999df2af8eb42d56 -> 
  custom:audio-encoder-webm-vorbis: bf7c407c2cedff20999df2af8eb42d56 -> 
========================================================================
Received Prepare
Registering precompiled user dll's ...
Registered in 0.007211 seconds.
Begin MonoManager ReloadAssembly
Native extension for WindowsStandalone target not found
Refreshing native plugins compatible for Editor in 0.68 ms, found 2 plugins.
Preloading 0 native plugins for Editor in 0.00 ms.
Mono: successfully reloaded assembly
- Completed reload, in  1.484 seconds
Domain Reload Profiling:
	ReloadAssembly (1485ms)
		BeginReloadAssembly (153ms)
			ExecutionOrderSort (0ms)
			DisableScriptedObjects (6ms)
			BackupInstance (0ms)
			ReleaseScriptingObjects (0ms)
			CreateAndSetChildDomain (40ms)
		EndReloadAssembly (1238ms)
			LoadAssemblies (134ms)
			RebuildTransferFunctionScriptingTraits (0ms)
			SetupTypeCache (435ms)
			ReleaseScriptCaches (1ms)
			RebuildScriptCaches (59ms)
			SetupLoadedEditorAssemblies (447ms)
				LogAssemblyErrors (0ms)
				InitializePlatformSupportModulesInManaged (6ms)
				SetLoadedEditorAssemblies (1ms)
				RefreshPlugins (1ms)
				BeforeProcessingInitializeOnLoad (153ms)
				ProcessInitializeOnLoadAttributes (269ms)
				ProcessInitializeOnLoadMethodAttributes (6ms)
				AfterProcessingInitializeOnLoad (12ms)
				EditorAssembliesLoaded (0ms)
			ExecutionOrderSort2 (0ms)
			AwakeInstancesAfterBackupRestoration (14ms)
Platform modules already initialized, skipping
Shader 'Universal Render Pipeline/Particles/Lit': fallback shader 'Universal Render Pipeline/Particles/SimpleLit' not found
Shader 'Universal Render Pipeline/Particles/Lit': fallback shader 'Universal Render Pipeline/Particles/SimpleLit' not found
Refreshing native plugins compatible for Editor in 0.63 ms, found 2 plugins.
Preloading 0 native plugins for Editor in 0.00 ms.
Unloading 2713 Unused Serialized files (Serialized files now loaded: 0)
System memory in use before: 123.9 MB.
System memory in use after: 121.1 MB.

Unloading 50 unused Assets to reduce memory usage. Loaded Objects now: 3234.
Total: 5.830100 ms (FindLiveObjects: 0.379100 ms CreateObjectMapping: 0.207500 ms MarkObjects: 3.165500 ms  DeleteObjects: 2.076700 ms)

AssetImportParameters requested are different than current active one (requested -> active):
  custom:framework-win-MediaFoundation: 216162199b28c13a410421893ffa2e32 -> 
  custom:video-decoder-ogg-theora: a1e56fd34408186e4bbccfd4996cb3dc -> 
  custom:container-muxer-webm: aa71ff27fc2769a1b78a27578f13a17b -> 
  custom:container-demuxer-webm: 4f35f7cbe854078d1ac9338744f61a02 -> 
  custom:container-demuxer-ogg: 62fdf1f143b41e24485cea50d1cbac27 -> 
  custom:video-encoder-webm-vp8: eb34c28f22e8b96e1ab97ce403110664 -> 
  custom:video-codec-MediaFoundation-h265: 746d11721c4dcdbdad8f713fa42b33f4 -> 
  custom:video-decoder-webm-vp8: 9c59270c3fd7afecdb556c50c9e8de78 -> 
  custom:audio-decoder-ogg-vorbis: bf7c407c2cedff20999df2af8eb42d56 -> 
  custom:audio-encoder-webm-vorbis: bf7c407c2cedff20999df2af8eb42d56 -> 
AssetImportWorkerClient::OnTransportError - code=2 error=End of file
