Using pre-set license
Built from '2020.3/staging' branch; Version is '2020.3.14f1 (d0d1bb862f9d) revision 13685179'; Using compiler version '192528614'; Build Type 'Release'
OS: 'Windows 10 Home; OS build 19042.1110; Version 2009; 64bit' Language: 'en' Physical Memory: 16095 MB
BatchMode: 1, IsHumanControllingUs: 0, StartBugReporterOnCrash: 0, Is64bit: 1, IsPro: 0

 COMMAND LINE ARGUMENTS:
C:\Program Files\Unity\Hub\Editor\2020.3.14f1\Editor\Unity.exe
-adb2
-batchMode
-noUpm
-name
AssetImportWorker0
-projectPath
C:/Users/mikew/GitRepos/UnityProjects/MyRayMarching
-logFile
Logs/AssetImportWorker0.log
-srvPort
64767
Successfully changed project path to: C:/Users/mikew/GitRepos/UnityProjects/MyRayMarching
C:/Users/mikew/GitRepos/UnityProjects/MyRayMarching
Using Asset Import Pipeline V2.
Refreshing native plugins compatible for Editor in 40.25 ms, found 2 plugins.
Preloading 0 native plugins for Editor in 0.00 ms.
Initialize engine version: 2020.3.14f1 (d0d1bb862f9d)
[Subsystems] Discovering subsystems at path C:/Program Files/Unity/Hub/Editor/2020.3.14f1/Editor/Data/Resources/UnitySubsystems
[Subsystems] Discovering subsystems at path C:/Users/mikew/GitRepos/UnityProjects/MyRayMarching/Assets
GfxDevice: creating device client; threaded=0
Direct3D:
    Version:  Direct3D 11.0 [level 11.1]
    Renderer: NVIDIA GeForce GTX 1650 Ti (ID=0x1f95)
    Vendor:   
    VRAM:     3964 MB
    Driver:   27.21.14.6231
Initialize mono
Mono path[0] = 'C:/Program Files/Unity/Hub/Editor/2020.3.14f1/Editor/Data/Managed'
Mono path[1] = 'C:/Program Files/Unity/Hub/Editor/2020.3.14f1/Editor/Data/MonoBleedingEdge/lib/mono/unityjit'
Mono config path = 'C:/Program Files/Unity/Hub/Editor/2020.3.14f1/Editor/Data/MonoBleedingEdge/etc'
Using monoOptions --debugger-agent=transport=dt_socket,embedding=1,server=y,suspend=n,address=127.0.0.1:56816
Begin MonoManager ReloadAssembly
Registering precompiled unity dll's ...
Register platform support module: C:/Program Files/Unity/Hub/Editor/2020.3.14f1/Editor/Data/PlaybackEngines/WindowsStandaloneSupport/UnityEditor.WindowsStandalone.Extensions.dll
Registered in 0.003275 seconds.
Native extension for WindowsStandalone target not found
Refreshing native plugins compatible for Editor in 38.28 ms, found 2 plugins.
Preloading 0 native plugins for Editor in 0.00 ms.
Mono: successfully reloaded assembly
- Completed reload, in  2.850 seconds
Domain Reload Profiling:
	ReloadAssembly (2850ms)
		BeginReloadAssembly (83ms)
			ExecutionOrderSort (0ms)
			DisableScriptedObjects (0ms)
			BackupInstance (0ms)
			ReleaseScriptingObjects (0ms)
			CreateAndSetChildDomain (1ms)
		EndReloadAssembly (578ms)
			LoadAssemblies (79ms)
			RebuildTransferFunctionScriptingTraits (0ms)
			SetupTypeCache (218ms)
			ReleaseScriptCaches (0ms)
			RebuildScriptCaches (45ms)
			SetupLoadedEditorAssemblies (222ms)
				LogAssemblyErrors (0ms)
				InitializePlatformSupportModulesInManaged (6ms)
				SetLoadedEditorAssemblies (0ms)
				RefreshPlugins (38ms)
				BeforeProcessingInitializeOnLoad (14ms)
				ProcessInitializeOnLoadAttributes (121ms)
				ProcessInitializeOnLoadMethodAttributes (42ms)
				AfterProcessingInitializeOnLoad (0ms)
				EditorAssembliesLoaded (0ms)
			ExecutionOrderSort2 (0ms)
			AwakeInstancesAfterBackupRestoration (0ms)
Platform modules already initialized, skipping
Registering precompiled user dll's ...
Registered in 0.006017 seconds.
Begin MonoManager ReloadAssembly
Native extension for WindowsStandalone target not found
Refreshing native plugins compatible for Editor in 0.51 ms, found 2 plugins.
Preloading 0 native plugins for Editor in 0.00 ms.
Mono: successfully reloaded assembly
- Completed reload, in  1.470 seconds
Domain Reload Profiling:
	ReloadAssembly (1471ms)
		BeginReloadAssembly (213ms)
			ExecutionOrderSort (0ms)
			DisableScriptedObjects (7ms)
			BackupInstance (0ms)
			ReleaseScriptingObjects (0ms)
			CreateAndSetChildDomain (24ms)
		EndReloadAssembly (1163ms)
			LoadAssemblies (123ms)
			RebuildTransferFunctionScriptingTraits (0ms)
			SetupTypeCache (403ms)
			ReleaseScriptCaches (0ms)
			RebuildScriptCaches (61ms)
			SetupLoadedEditorAssemblies (438ms)
				LogAssemblyErrors (0ms)
				InitializePlatformSupportModulesInManaged (7ms)
				SetLoadedEditorAssemblies (1ms)
				RefreshPlugins (1ms)
				BeforeProcessingInitializeOnLoad (135ms)
				ProcessInitializeOnLoadAttributes (277ms)
				ProcessInitializeOnLoadMethodAttributes (6ms)
				AfterProcessingInitializeOnLoad (11ms)
				EditorAssembliesLoaded (0ms)
			ExecutionOrderSort2 (0ms)
			AwakeInstancesAfterBackupRestoration (9ms)
Platform modules already initialized, skipping
========================================================================
Worker process is ready to serve import requests
Launched and connected shader compiler UnityShaderCompiler.exe after 0.05 seconds
Refreshing native plugins compatible for Editor in 0.38 ms, found 2 plugins.
Preloading 0 native plugins for Editor in 0.00 ms.
Unloading 1390 Unused Serialized files (Serialized files now loaded: 0)
System memory in use before: 64.8 MB.
System memory in use after: 64.8 MB.

Unloading 19 unused Assets to reduce memory usage. Loaded Objects now: 1823.
Total: 2.454500 ms (FindLiveObjects: 0.183200 ms CreateObjectMapping: 0.061700 ms MarkObjects: 2.116900 ms  DeleteObjects: 0.091500 ms)

AssetImportParameters requested are different than current active one (requested -> active):
  custom:framework-win-MediaFoundation: 216162199b28c13a410421893ffa2e32 -> 
  custom:video-decoder-ogg-theora: a1e56fd34408186e4bbccfd4996cb3dc -> 
  custom:container-muxer-webm: aa71ff27fc2769a1b78a27578f13a17b -> 
  custom:container-demuxer-webm: 4f35f7cbe854078d1ac9338744f61a02 -> 
  custom:container-demuxer-ogg: 62fdf1f143b41e24485cea50d1cbac27 -> 
  custom:video-encoder-webm-vp8: eb34c28f22e8b96e1ab97ce403110664 -> 
  custom:video-codec-MediaFoundation-h265: 746d11721c4dcdbdad8f713fa42b33f4 -> 
  custom:video-decoder-webm-vp8: 9c59270c3fd7afecdb556c50c9e8de78 -> 
  custom:audio-decoder-ogg-vorbis: bf7c407c2cedff20999df2af8eb42d56 -> 
  custom:audio-encoder-webm-vorbis: bf7c407c2cedff20999df2af8eb42d56 -> 
========================================================================
Received Import Request.
  path: Assets/RayMarch
  artifactKey: Guid(04419d73877e6f04caa3eac8d84fe88e) Importer(815301076,1909f56bfc062723c751e8b465ee728b)
Start importing Assets/RayMarch using Guid(04419d73877e6f04caa3eac8d84fe88e) Importer(815301076,1909f56bfc062723c751e8b465ee728b)  -> (artifact id: 'def2dee70c8298cd708a66ef8e6bba59') in 0.006978 seconds 
  Import took 0.009761 seconds .

========================================================================
Received Import Request.
  Time since last request: 15.803501 seconds.
  path: Assets
  artifactKey: Guid(00000000000000001000000000000000) Importer(815301076,1909f56bfc062723c751e8b465ee728b)
Start importing Assets using Guid(00000000000000001000000000000000) Importer(815301076,1909f56bfc062723c751e8b465ee728b)  -> (artifact id: '42d402b061de3733987d63b9cc3b64de') in 0.004906 seconds 
  Import took 0.008259 seconds .

========================================================================
Received Import Request.
  Time since last request: 0.001708 seconds.
  path: Assets
  artifactKey: Guid(00000000000000001000000000000000) Importer(815301076,1909f56bfc062723c751e8b465ee728b)
Start importing Assets using Guid(00000000000000001000000000000000) Importer(815301076,1909f56bfc062723c751e8b465ee728b)  -> (artifact id: '42d402b061de3733987d63b9cc3b64de') in 0.003932 seconds 
  Import took 0.006994 seconds .

========================================================================
Received Import Request.
  Time since last request: 26.822128 seconds.
  path: Assets/RayMarch/RayMarch.shader
  artifactKey: Guid(ab6532a14afdcbb42849ed6405f16ead) Importer(815301076,1909f56bfc062723c751e8b465ee728b)
Start importing Assets/RayMarch/RayMarch.shader using Guid(ab6532a14afdcbb42849ed6405f16ead) Importer(815301076,1909f56bfc062723c751e8b465ee728b)  -> (artifact id: 'ae1a708bcae528f8b6c972a96935382f') in 0.037608 seconds 
  Import took 0.040778 seconds .

========================================================================
Received Import Request.
  Time since last request: 0.066514 seconds.
  path: Assets/RayMarch/RayMarch.shader
  artifactKey: Guid(ab6532a14afdcbb42849ed6405f16ead) Importer(815301076,1909f56bfc062723c751e8b465ee728b)
Start importing Assets/RayMarch/RayMarch.shader using Guid(ab6532a14afdcbb42849ed6405f16ead) Importer(815301076,1909f56bfc062723c751e8b465ee728b)  -> (artifact id: 'ae1a708bcae528f8b6c972a96935382f') in 0.004599 seconds 
  Import took 0.007761 seconds .

========================================================================
Received Import Request.
  Time since last request: 485.604335 seconds.
  path: Assets/RayMarch/NewUnlitShader.shader
  artifactKey: Guid(6821b44556cc2754bac6cf19356081a6) Importer(815301076,1909f56bfc062723c751e8b465ee728b)
Start importing Assets/RayMarch/NewUnlitShader.shader using Guid(6821b44556cc2754bac6cf19356081a6) Importer(815301076,1909f56bfc062723c751e8b465ee728b)  -> (artifact id: '280adaf4d2a036c6f0d43e4f94f73a81') in 0.005970 seconds 
  Import took 0.009799 seconds .

========================================================================
Received Import Request.
  Time since last request: 22.970703 seconds.
  path: Assets/RayMarch/NewUnlitShader.shader
  artifactKey: Guid(6821b44556cc2754bac6cf19356081a6) Importer(815301076,1909f56bfc062723c751e8b465ee728b)
Start importing Assets/RayMarch/NewUnlitShader.shader using Guid(6821b44556cc2754bac6cf19356081a6) Importer(815301076,1909f56bfc062723c751e8b465ee728b)  -> (artifact id: 'e9efca3486fb0cb204a2fe7d8029c763') in 0.004210 seconds 
  Import took 0.007356 seconds .

========================================================================
Received Import Request.
  Time since last request: 72.529827 seconds.
  path: Assets/RayMarch/NewUnlitShader.shader
  artifactKey: Guid(6821b44556cc2754bac6cf19356081a6) Importer(815301076,1909f56bfc062723c751e8b465ee728b)
Start importing Assets/RayMarch/NewUnlitShader.shader using Guid(6821b44556cc2754bac6cf19356081a6) Importer(815301076,1909f56bfc062723c751e8b465ee728b)  -> (artifact id: '8cc8bcaeff1d106a5f93eeed82363d3c') in 0.003993 seconds 
  Import took 0.007253 seconds .

AssetImportWorkerClient::OnTransportError - code=2 error=End of file
